{"level":"info","message":"[14:22:24]데이터베이스 연결 성공"}
{"level":"error","message":"[14:22:37]GET /js/layout.js는 없는 페이지 입니다."}
{"level":"error","message":"[14:22:37]Error: GET /js/layout.js는 없는 페이지 입니다.\n    at C:\\Users\\박찬경\\Desktop\\node_schedule\\app.js:49:17\n    at Layer.handle [as handle_request] (C:\\Users\\박찬경\\Desktop\\node_schedule\\node_modules\\express\\lib\\router\\layer.js:95:5)\n    at trim_prefix (C:\\Users\\박찬경\\Desktop\\node_schedule\\node_modules\\express\\lib\\router\\index.js:317:13)\n    at C:\\Users\\박찬경\\Desktop\\node_schedule\\node_modules\\express\\lib\\router\\index.js:284:7\n    at Function.process_params (C:\\Users\\박찬경\\Desktop\\node_schedule\\node_modules\\express\\lib\\router\\index.js:335:12)\n    at next (C:\\Users\\박찬경\\Desktop\\node_schedule\\node_modules\\express\\lib\\router\\index.js:275:10)\n    at C:\\Users\\박찬경\\Desktop\\node_schedule\\node_modules\\express\\lib\\router\\index.js:635:15\n    at next (C:\\Users\\박찬경\\Desktop\\node_schedule\\node_modules\\express\\lib\\router\\index.js:260:14)\n    at Function.handle (C:\\Users\\박찬경\\Desktop\\node_schedule\\node_modules\\express\\lib\\router\\index.js:174:3)\n    at router (C:\\Users\\박찬경\\Desktop\\node_schedule\\node_modules\\express\\lib\\router\\index.js:47:12)"}
{"level":"error","message":"[14:22:41]GET /js/layout.js는 없는 페이지 입니다."}
{"level":"error","message":"[14:22:41]Error: GET /js/layout.js는 없는 페이지 입니다.\n    at C:\\Users\\박찬경\\Desktop\\node_schedule\\app.js:49:17\n    at Layer.handle [as handle_request] (C:\\Users\\박찬경\\Desktop\\node_schedule\\node_modules\\express\\lib\\router\\layer.js:95:5)\n    at trim_prefix (C:\\Users\\박찬경\\Desktop\\node_schedule\\node_modules\\express\\lib\\router\\index.js:317:13)\n    at C:\\Users\\박찬경\\Desktop\\node_schedule\\node_modules\\express\\lib\\router\\index.js:284:7\n    at Function.process_params (C:\\Users\\박찬경\\Desktop\\node_schedule\\node_modules\\express\\lib\\router\\index.js:335:12)\n    at next (C:\\Users\\박찬경\\Desktop\\node_schedule\\node_modules\\express\\lib\\router\\index.js:275:10)\n    at C:\\Users\\박찬경\\Desktop\\node_schedule\\node_modules\\express\\lib\\router\\index.js:635:15\n    at next (C:\\Users\\박찬경\\Desktop\\node_schedule\\node_modules\\express\\lib\\router\\index.js:260:14)\n    at Function.handle (C:\\Users\\박찬경\\Desktop\\node_schedule\\node_modules\\express\\lib\\router\\index.js:174:3)\n    at router (C:\\Users\\박찬경\\Desktop\\node_schedule\\node_modules\\express\\lib\\router\\index.js:47:12)"}
{"level":"error","message":"[14:22:41]GET /favicon.ico는 없는 페이지 입니다."}
{"level":"error","message":"[14:22:41]Error: GET /favicon.ico는 없는 페이지 입니다.\n    at C:\\Users\\박찬경\\Desktop\\node_schedule\\app.js:49:17\n    at Layer.handle [as handle_request] (C:\\Users\\박찬경\\Desktop\\node_schedule\\node_modules\\express\\lib\\router\\layer.js:95:5)\n    at trim_prefix (C:\\Users\\박찬경\\Desktop\\node_schedule\\node_modules\\express\\lib\\router\\index.js:317:13)\n    at C:\\Users\\박찬경\\Desktop\\node_schedule\\node_modules\\express\\lib\\router\\index.js:284:7\n    at Function.process_params (C:\\Users\\박찬경\\Desktop\\node_schedule\\node_modules\\express\\lib\\router\\index.js:335:12)\n    at next (C:\\Users\\박찬경\\Desktop\\node_schedule\\node_modules\\express\\lib\\router\\index.js:275:10)\n    at C:\\Users\\박찬경\\Desktop\\node_schedule\\node_modules\\express\\lib\\router\\index.js:635:15\n    at next (C:\\Users\\박찬경\\Desktop\\node_schedule\\node_modules\\express\\lib\\router\\index.js:260:14)\n    at Function.handle (C:\\Users\\박찬경\\Desktop\\node_schedule\\node_modules\\express\\lib\\router\\index.js:174:3)\n    at router (C:\\Users\\박찬경\\Desktop\\node_schedule\\node_modules\\express\\lib\\router\\index.js:47:12)"}
{"level":"info","message":"[14:26:04]데이터베이스 연결 성공"}
{"level":"error","message":"[14:26:09]Error: GET /js/layout.js는 없는 페이지 입니다.\n    at C:\\Users\\박찬경\\Desktop\\node_schedule\\app.js:49:17\n    at Layer.handle [as handle_request] (C:\\Users\\박찬경\\Desktop\\node_schedule\\node_modules\\express\\lib\\router\\layer.js:95:5)\n    at trim_prefix (C:\\Users\\박찬경\\Desktop\\node_schedule\\node_modules\\express\\lib\\router\\index.js:317:13)\n    at C:\\Users\\박찬경\\Desktop\\node_schedule\\node_modules\\express\\lib\\router\\index.js:284:7\n    at Function.process_params (C:\\Users\\박찬경\\Desktop\\node_schedule\\node_modules\\express\\lib\\router\\index.js:335:12)\n    at next (C:\\Users\\박찬경\\Desktop\\node_schedule\\node_modules\\express\\lib\\router\\index.js:275:10)\n    at C:\\Users\\박찬경\\Desktop\\node_schedule\\node_modules\\express\\lib\\router\\index.js:635:15\n    at next (C:\\Users\\박찬경\\Desktop\\node_schedule\\node_modules\\express\\lib\\router\\index.js:260:14)\n    at Function.handle (C:\\Users\\박찬경\\Desktop\\node_schedule\\node_modules\\express\\lib\\router\\index.js:174:3)\n    at router (C:\\Users\\박찬경\\Desktop\\node_schedule\\node_modules\\express\\lib\\router\\index.js:47:12)"}
{"level":"error","message":"[14:26:09]GET /js/layout.js는 없는 페이지 입니다."}
{"level":"info","message":"[14:29:44]데이터베이스 연결 성공"}
{"level":"info","message":"[15:01:59]데이터베이스 연결 성공"}
{"level":"info","message":"[15:03:28]데이터베이스 연결 성공"}
{"level":"info","message":"[15:08:33]데이터베이스 연결 성공"}
{"level":"info","message":"[15:30:31]데이터베이스 연결 성공"}
{"level":"info","message":"[15:31:33]데이터베이스 연결 성공"}
{"level":"info","message":"[15:31:35]데이터베이스 연결 성공"}
{"level":"info","message":"[15:33:32]데이터베이스 연결 성공"}
{"level":"error","message":"[15:36:26]GET /year는 없는 페이지 입니다."}
{"level":"error","message":"[15:36:26]Error: GET /year는 없는 페이지 입니다.\n    at C:\\Users\\박찬경\\Desktop\\node_schedule\\app.js:49:17\n    at Layer.handle [as handle_request] (C:\\Users\\박찬경\\Desktop\\node_schedule\\node_modules\\express\\lib\\router\\layer.js:95:5)\n    at trim_prefix (C:\\Users\\박찬경\\Desktop\\node_schedule\\node_modules\\express\\lib\\router\\index.js:317:13)\n    at C:\\Users\\박찬경\\Desktop\\node_schedule\\node_modules\\express\\lib\\router\\index.js:284:7\n    at Function.process_params (C:\\Users\\박찬경\\Desktop\\node_schedule\\node_modules\\express\\lib\\router\\index.js:335:12)\n    at next (C:\\Users\\박찬경\\Desktop\\node_schedule\\node_modules\\express\\lib\\router\\index.js:275:10)\n    at C:\\Users\\박찬경\\Desktop\\node_schedule\\node_modules\\express\\lib\\router\\index.js:635:15\n    at next (C:\\Users\\박찬경\\Desktop\\node_schedule\\node_modules\\express\\lib\\router\\index.js:260:14)\n    at Function.handle (C:\\Users\\박찬경\\Desktop\\node_schedule\\node_modules\\express\\lib\\router\\index.js:174:3)\n    at router (C:\\Users\\박찬경\\Desktop\\node_schedule\\node_modules\\express\\lib\\router\\index.js:47:12)"}
{"level":"info","message":"[15:53:35]데이터베이스 연결 성공"}
{"level":"info","message":"[15:54:16]데이터베이스 연결 성공"}
{"level":"info","message":"[15:57:23]데이터베이스 연결 성공"}
{"level":"info","message":"[16:10:10]데이터베이스 연결 성공"}
{"level":"info","message":"[16:10:50]데이터베이스 연결 성공"}
{"level":"info","message":"[16:23:03]데이터베이스 연결 성공"}
{"level":"info","message":"[16:24:51]데이터베이스 연결 성공"}
{"level":"info","message":"[16:26:21]데이터베이스 연결 성공"}
{"level":"info","message":"[16:41:03]데이터베이스 연결 성공"}
{"level":"info","message":"[16:42:34]데이터베이스 연결 성공"}
{"level":"info","message":"[16:44:57]데이터베이스 연결 성공"}
{"level":"info","message":"[16:45:27]데이터베이스 연결 성공"}
{"level":"info","message":"[16:48:13]데이터베이스 연결 성공"}
